<?xml version="1.0" encoding="UTF-8"?>
<robot generator="Robot 3.1.2 (Python 3.8.0 on win32)" generated="20200218 14:08:06.551" rpa="false">
<suite id="s1" name="TC 002 RadioButton Checkbox Link Button" source="C:\Users\SKHU\PycharmProjects\RobotAutomation\TestCases\TC_002_RadioButton_Checkbox_Link_Button.robot">
<test id="s1-t1" name="Robot Second Test Case">
<kw name="Open Browser" library="SeleniumLibrary">
<doc>Opens a new browser instance to the optional ``url``.</doc>
<arguments>
<arg>${URL}</arg>
<arg>${Browser}</arg>
</arguments>
<msg timestamp="20200218 14:08:06.857" level="INFO">Opening browser 'Chrome' to base url 'https://www.facebook.com/'.</msg>
<status status="PASS" starttime="20200218 14:08:06.857" endtime="20200218 14:08:20.424"></status>
</kw>
<kw name="Maximize Browser Window" library="SeleniumLibrary">
<doc>Maximizes current browser window.</doc>
<status status="PASS" starttime="20200218 14:08:20.425" endtime="20200218 14:08:24.564"></status>
</kw>
<kw name="Enter Create Account Details">
<kw name="Input Text" library="SeleniumLibrary">
<doc>Types the given ``text`` into the text field identified by ``locator``.</doc>
<arguments>
<arg>id:u_0_m</arg>
<arg>Cristiano</arg>
</arguments>
<msg timestamp="20200218 14:08:24.565" level="INFO">Typing text 'Cristiano' into text field 'id:u_0_m'.</msg>
<status status="PASS" starttime="20200218 14:08:24.565" endtime="20200218 14:08:24.803"></status>
</kw>
<kw name="Input Text" library="SeleniumLibrary">
<doc>Types the given ``text`` into the text field identified by ``locator``.</doc>
<arguments>
<arg>id:u_0_o</arg>
<arg>Ronaldo</arg>
</arguments>
<msg timestamp="20200218 14:08:24.803" level="INFO">Typing text 'Ronaldo' into text field 'id:u_0_o'.</msg>
<status status="PASS" starttime="20200218 14:08:24.803" endtime="20200218 14:08:24.925"></status>
</kw>
<kw name="Input Text" library="SeleniumLibrary">
<doc>Types the given ``text`` into the text field identified by ``locator``.</doc>
<arguments>
<arg>id:u_0_r</arg>
<arg>shubhamkherde27@gmail.com</arg>
</arguments>
<msg timestamp="20200218 14:08:24.925" level="INFO">Typing text 'shubhamkherde27@gmail.com' into text field 'id:u_0_r'.</msg>
<status status="PASS" starttime="20200218 14:08:24.925" endtime="20200218 14:08:25.291"></status>
</kw>
<kw name="Input Text" library="SeleniumLibrary">
<doc>Types the given ``text`` into the text field identified by ``locator``.</doc>
<arguments>
<arg>id:u_0_u</arg>
<arg>shubhamkherde27@gmail.com</arg>
</arguments>
<msg timestamp="20200218 14:08:25.292" level="INFO">Typing text 'shubhamkherde27@gmail.com' into text field 'id:u_0_u'.</msg>
<status status="PASS" starttime="20200218 14:08:25.292" endtime="20200218 14:08:25.533"></status>
</kw>
<kw name="Input Text" library="SeleniumLibrary">
<doc>Types the given ``text`` into the text field identified by ``locator``.</doc>
<arguments>
<arg>id:u_0_w</arg>
<arg>Ronaldo789@</arg>
</arguments>
<msg timestamp="20200218 14:08:25.533" level="INFO">Typing text 'Ronaldo789@' into text field 'id:u_0_w'.</msg>
<status status="PASS" starttime="20200218 14:08:25.533" endtime="20200218 14:08:25.695"></status>
</kw>
<kw name="Select From List By Index" library="SeleniumLibrary">
<doc>Selects options from selection list ``locator`` by ``indexes``.</doc>
<arguments>
<arg>birthday_day</arg>
<arg>4</arg>
</arguments>
<msg timestamp="20200218 14:08:25.695" level="INFO">Selecting options from selection list 'birthday_day' by index 4.</msg>
<status status="PASS" starttime="20200218 14:08:25.695" endtime="20200218 14:08:25.869"></status>
</kw>
<kw name="Select From List By Value" library="SeleniumLibrary">
<doc>Selects options from selection list ``locator`` by ``values``.</doc>
<arguments>
<arg>birthday_month</arg>
<arg>3</arg>
</arguments>
<msg timestamp="20200218 14:08:25.869" level="INFO">Selecting options from selection list 'birthday_month' by value 3.</msg>
<status status="PASS" starttime="20200218 14:08:25.869" endtime="20200218 14:08:25.941"></status>
</kw>
<kw name="Select From List By Label" library="SeleniumLibrary">
<doc>Selects options from selection list ``locator`` by ``labels``.</doc>
<arguments>
<arg>birthday_year</arg>
<arg>1997</arg>
</arguments>
<msg timestamp="20200218 14:08:25.941" level="INFO">Selecting options from selection list 'birthday_year' by label 1997.</msg>
<status status="PASS" starttime="20200218 14:08:25.941" endtime="20200218 14:08:26.021"></status>
</kw>
<kw name="Select Radio Button" library="SeleniumLibrary">
<doc>Sets the radio button group ``group_name`` to ``value``.</doc>
<arguments>
<arg>sex</arg>
<arg>2</arg>
</arguments>
<msg timestamp="20200218 14:08:26.022" level="INFO">Selecting '2' from radio button 'sex'.</msg>
<status status="PASS" starttime="20200218 14:08:26.021" endtime="20200218 14:08:26.139"></status>
</kw>
<kw name="Click Button" library="SeleniumLibrary">
<doc>Clicks the button identified by ``locator``.</doc>
<arguments>
<arg>xpath://input[@type='submit']</arg>
</arguments>
<msg timestamp="20200218 14:08:26.140" level="INFO">Clicking button 'xpath://input[@type='submit']'.</msg>
<status status="PASS" starttime="20200218 14:08:26.140" endtime="20200218 14:08:28.247"></status>
</kw>
<status status="PASS" starttime="20200218 14:08:24.564" endtime="20200218 14:08:28.248"></status>
</kw>
<status status="PASS" starttime="20200218 14:08:06.844" endtime="20200218 14:08:28.248" critical="yes"></status>
</test>
<status status="PASS" starttime="20200218 14:08:06.553" endtime="20200218 14:08:28.254"></status>
</suite>
<statistics>
<total>
<stat pass="1" fail="0">Critical Tests</stat>
<stat pass="1" fail="0">All Tests</stat>
</total>
<tag>
</tag>
<suite>
<stat pass="1" fail="0" id="s1" name="TC 002 RadioButton Checkbox Link Button">TC 002 RadioButton Checkbox Link Button</stat>
</suite>
</statistics>
<errors>
</errors>
</robot>
